[INFO]: 2024-04-26 13:39:36 - upload/mysql-2024-04-26-13-39-36-livewire-a5d87ae6-6dd3-4787-b5a7-a1144b446443.sql.zip
[INFO]: 2024-04-26 13:39:36 - upload/mysql-2024-04-26-13-39-36-perpus_testing-929ef0d3-dc03-43f9-9433-588adf566c8c.sql.zip
[INFO]: 2024-04-26 13:39:36 - upload/mysql-2024-04-26-13-39-36-sekolahbeta-6a1fbe6c-dc6f-4ce9-aa59-40f30a276c80.sql.zip
[INFO]: 2024-04-26 13:39:36 - upload/mysql-2024-04-26-13-39-36-sekolahbetagorm-452e16b9-37a9-482d-886b-2c260268b97b.sql.zip
[INFO]: 2024-04-26 13:39:36 - upload/mysql-2024-04-26-13-39-36-perpus-4955d30d-8a77-4298-9a98-ca7a24ae775c.sql.zip
[INFO]: 2024-04-26 13:39:36 - upload/mysql-2024-04-26-13-39-36-wp-87e5af19-6ebd-408b-bdda-9f4958a97656.sql.zip
[INFO]: 2024-04-26 13:39:37 - upload/mysql-2024-04-26-13-39-36-db_stock-b49ca3dc-b659-41aa-8851-1802e33b2171.sql.zip
[INFO]: 2024-04-26 13:42:03 - mysql-2024-04-26-13-42-03-livewire-81029c93-e6b4-4fc4-b250-2d1d559665ee.sql
[INFO]: 2024-04-26 13:42:03 - mysql-2024-04-26-13-42-03-perpus_testing-fd7ffbd8-f1f2-40b9-8b47-4a1b339c180f.sql
[INFO]: 2024-04-26 13:42:03 - mysql-2024-04-26-13-42-03-sekolahbeta-bc73e50f-c3dc-42aa-a905-5b7908b51ae3.sql
[INFO]: 2024-04-26 13:42:04 - mysql-2024-04-26-13-42-03-sekolahbetagorm-db39236a-48ac-4cd5-a25c-2f01da0d2d69.sql
[INFO]: 2024-04-26 13:42:04 - mysql-2024-04-26-13-42-03-wp-e7faf6a4-b6b9-4564-8788-3231bf4edaf3.sql
[INFO]: 2024-04-26 13:42:04 - mysql-2024-04-26-13-42-03-perpus-2a354ddd-0206-4e1e-8846-023d5e69066c.sql
[INFO]: 2024-04-26 13:42:04 - mysql-2024-04-26-13-42-03-db_stock-895067f1-c41e-4d30-a97a-47ce687d484a.sql
[INFO]: 2024-04-26 13:43:50 - mysql-2024-04-26-13-43-50-livewire-6e5f2de5-ab50-4698-a25c-98d04493c556.sql
[INFO]: 2024-04-26 13:43:50 - mysql-2024-04-26-13-43-50-perpus_testing-745ae3bc-42ba-4844-ab47-06ddd4fc7074.sql
[INFO]: 2024-04-26 13:43:50 - mysql-2024-04-26-13-43-50-sekolahbeta-a3b70f3a-727c-4a42-8c03-7186c1c63b83.sql
[INFO]: 2024-04-26 13:43:50 - mysql-2024-04-26-13-43-50-sekolahbetagorm-cd7d8688-b4c3-477a-b8be-d7ee9cf20f68.sql
[INFO]: 2024-04-26 13:43:50 - mysql-2024-04-26-13-43-50-wp-fc5577ef-773a-4a17-a277-541a13019489.sql
[INFO]: 2024-04-26 13:43:51 - mysql-2024-04-26-13-43-50-perpus-5aa80396-be34-49bb-91a0-85d6b38a3ed8.sql
[INFO]: 2024-04-26 13:43:51 - mysql-2024-04-26-13-43-50-db_stock-7507759f-dc16-4291-b350-40f3d70cbf99.sql
[INFO]: 2024-04-26 13:44:46 - mysql-2024-04-26-13-44-46-livewire-a9965bf9-6771-4cfd-a8c9-2b7c30a47f9b.sql
[INFO]: 2024-04-26 13:44:46 - mysql-2024-04-26-13-44-46-perpus_testing-debdb12c-d3a4-4168-99e2-a2bba6528ae8.sql
[INFO]: 2024-04-26 13:44:46 - mysql-2024-04-26-13-44-46-sekolahbeta-0f6fcb90-1b51-4641-b5d8-fe838d3e44b2.sql
[INFO]: 2024-04-26 13:44:46 - mysql-2024-04-26-13-44-46-sekolahbetagorm-61ff5aa4-b2e3-4d11-bf61-386c30d1bea1.sql
[INFO]: 2024-04-26 13:44:46 - mysql-2024-04-26-13-44-46-wp-e04102d2-901f-4c4a-9d05-a5261e2d3ba4.sql
[INFO]: 2024-04-26 13:44:46 - mysql-2024-04-26-13-44-46-perpus-a33ea279-1a05-4d3f-bc58-6da7a8976d4a.sql
[INFO]: 2024-04-26 13:44:46 - mysql-2024-04-26-13-44-46-db_stock-b0d9eaa8-8a86-4e79-825b-cf89e3a51675.sql
[INFO]: 2024-04-26 13:48:05 - mysql-2024-04-26-13-48-05-livewire-9653d5bf-7381-47d4-b259-f49d142e62e4.sql
[INFO]: 2024-04-26 13:48:05 - mysql-2024-04-26-13-48-05-perpus_testing-5bdfc3c4-c7e3-4f6a-a194-67f0579dc69f.sql
[INFO]: 2024-04-26 13:48:05 - mysql-2024-04-26-13-48-05-sekolahbeta-fcd523d2-526b-45b2-bcf0-24edbd6e6064.sql
[INFO]: 2024-04-26 13:48:05 - mysql-2024-04-26-13-48-05-sekolahbetagorm-7ddf9a4f-0076-4ed2-b60c-850a9c6d0043.sql
[INFO]: 2024-04-26 13:48:06 - mysql-2024-04-26-13-48-05-wp-bea86fb7-915f-47b9-84d4-f94f0111e4a7.sql
[INFO]: 2024-04-26 13:48:06 - mysql-2024-04-26-13-48-05-perpus-83488021-e43f-4b0f-bd6f-35316929a41a.sql
[INFO]: 2024-04-26 13:48:06 - mysql-2024-04-26-13-48-05-db_stock-1117a524-c64a-4ad8-b1e3-ca7649a9a00b.sql
[INFO]: 2024-04-26 13:49:41 - mysql-2024-04-26-13-49-41-livewire-e5016100-7968-492f-935e-a3b01b73306c.sql
[INFO]: 2024-04-26 13:49:41 - mysql-2024-04-26-13-49-41-perpus_testing-c834d4c2-64b7-4d7f-af0d-a1ec735bda03.sql
[INFO]: 2024-04-26 13:49:41 - mysql-2024-04-26-13-49-41-sekolahbeta-1280e847-5351-4c36-a593-e8e667249691.sql
[INFO]: 2024-04-26 13:49:41 - mysql-2024-04-26-13-49-41-sekolahbetagorm-34b7afb8-0052-4bcd-991c-13430fcbd48f.sql
[INFO]: 2024-04-26 13:49:41 - mysql-2024-04-26-13-49-41-wp-0f506839-b1e6-4ee8-9a08-3105882528dc.sql
[INFO]: 2024-04-26 13:49:42 - mysql-2024-04-26-13-49-41-perpus-7ea75379-7a9d-421c-ae1b-9d4c650d0561.sql
[INFO]: 2024-04-26 13:49:42 - mysql-2024-04-26-13-49-41-db_stock-ea17ac94-364d-4ee6-8a91-e02c79a433a9.sql
[INFO]: 2024-04-26 13:53:34 - mysql-2024-04-26-13-53-34-livewire-a7802c8f-a601-4f3b-b5ab-cb54f5dc7f31.sql.zip
[INFO]: 2024-04-26 13:53:34 - mysql-2024-04-26-13-53-34-perpus_testing-42f4e724-0bb5-4e2e-af1a-a97828146758.sql.zip
[INFO]: 2024-04-26 13:53:35 - mysql-2024-04-26-13-53-34-sekolahbeta-74cb00e4-ff8c-4268-88a6-04ce84daf986.sql.zip
[INFO]: 2024-04-26 13:53:35 - mysql-2024-04-26-13-53-35-sekolahbetagorm-64f562a1-4943-449c-8aa7-2366ca9f9de6.sql.zip
[INFO]: 2024-04-26 13:53:35 - mysql-2024-04-26-13-53-35-wp-68401a1a-4737-487e-865c-906bb904c4ad.sql.zip
[INFO]: 2024-04-26 13:53:35 - mysql-2024-04-26-13-53-34-perpus-09698a7d-9741-4bd0-a8a8-2b427b7fbf0b.sql.zip
[INFO]: 2024-04-26 13:53:35 - mysql-2024-04-26-13-53-34-db_stock-9e78e3ce-e136-4283-a91e-eaa8aab10839.sql.zip
[INFO]: 2024-04-26 13:55:30 - mysql-2024-04-26-13-55-30-livewire-63c3fa68-cf9e-44a6-8379-5f51e66dfcbc.sql.zip
[INFO]: 2024-04-26 13:55:30 - mysql-2024-04-26-13-55-30-perpus_testing-c39eb577-15c0-40fb-b5fb-e248e73b7f3a.sql.zip
[INFO]: 2024-04-26 13:55:30 - mysql-2024-04-26-13-55-30-sekolahbeta-3b2970fd-3288-4ef6-bc43-b5b5c07225cf.sql.zip
[INFO]: 2024-04-26 13:55:31 - mysql-2024-04-26-13-55-30-sekolahbetagorm-01fb5745-e23b-4cbd-9af3-dce6ee378bcf.sql.zip
[INFO]: 2024-04-26 13:55:31 - mysql-2024-04-26-13-55-30-wp-c244ce43-d982-4bd2-8132-f17fc3e171e9.sql.zip
[INFO]: 2024-04-26 13:55:31 - mysql-2024-04-26-13-55-30-perpus-b0a71ec5-2807-457e-b1cf-cf2f367f0bc8.sql.zip
[INFO]: 2024-04-26 13:55:31 - mysql-2024-04-26-13-55-30-db_stock-47f460e7-64b2-4dc8-acd4-aa092bc3764b.sql.zip
[INFO]: 2024-04-26 13:56:11 - mysql-2024-04-26-13-56-11-livewire-4654cc57-219b-4fce-a96e-8b36140594fe.sql.zip
[INFO]: 2024-04-26 13:56:11 - mysql-2024-04-26-13-56-11-perpus_testing-c9517785-cfae-4c97-a739-3dd4e92cf788.sql.zip
[INFO]: 2024-04-26 13:56:11 - mysql-2024-04-26-13-56-11-sekolahbeta-188a1b7e-995c-4d96-b749-7cf609df53c3.sql.zip
[INFO]: 2024-04-26 13:56:11 - mysql-2024-04-26-13-56-11-sekolahbetagorm-51fca627-6440-4040-b1cd-34e7c5998fd6.sql.zip
[INFO]: 2024-04-26 13:56:12 - mysql-2024-04-26-13-56-11-perpus-110f95e2-bc69-4a2a-bbaf-3e901c285b47.sql.zip
[INFO]: 2024-04-26 13:56:12 - mysql-2024-04-26-13-56-11-wp-3cc53f83-d378-4240-a8fd-d7de959953b1.sql.zip
[INFO]: 2024-04-26 13:56:12 - mysql-2024-04-26-13-56-11-db_stock-bef458f0-9e93-4305-ba1c-4163f91b131f.sql.zip
[INFO]: 2024-04-26 13:57:51 - mysql-2024-04-26-13-57-51-livewire-c3fa97d0-b61b-4e0a-8760-c7f299c65ee7.sql.zip
[INFO]: 2024-04-26 13:57:51 - mysql-2024-04-26-13-57-51-perpus_testing-9d64410f-b8fd-4e2e-8911-b4002c200908.sql.zip
[INFO]: 2024-04-26 13:57:51 - mysql-2024-04-26-13-57-51-sekolahbeta-95b9b4b4-cb88-4a90-acb7-3b3037330d7e.sql.zip
[INFO]: 2024-04-26 13:57:51 - mysql-2024-04-26-13-57-51-sekolahbetagorm-8787577e-aef0-4d70-9c29-8d5cd26c5aff.sql.zip
[INFO]: 2024-04-26 13:57:51 - mysql-2024-04-26-13-57-51-perpus-c366ea69-211c-4209-a497-0f97de96d0a1.sql.zip
[INFO]: 2024-04-26 13:57:51 - mysql-2024-04-26-13-57-51-wp-2d1f9e5d-5ca7-47fd-b640-2f4bdd20e2d8.sql.zip
[INFO]: 2024-04-26 13:57:51 - mysql-2024-04-26-13-57-51-db_stock-46b8fbe8-f685-45af-b5ea-975187c9d58f.sql.zip
[INFO]: 2024-04-26 14:04:03 - mysql-2024-04-26-14-04-03-livewire-af518588-89d6-4457-a167-d6a9b77616a3.sql.zip
[INFO]: 2024-04-26 14:04:03 - mysql-2024-04-26-14-04-03-perpus_testing-4365780d-79df-43f1-91e7-d59da313202a.sql.zip
[INFO]: 2024-04-26 14:04:03 - mysql-2024-04-26-14-04-03-sekolahbeta-e9879d17-6478-447b-a650-fa452b69f563.sql.zip
[INFO]: 2024-04-26 14:04:04 - mysql-2024-04-26-14-04-03-sekolahbetagorm-f3bac968-c05c-4a1e-9b85-c1c01cb18231.sql.zip
[INFO]: 2024-04-26 14:04:04 - mysql-2024-04-26-14-04-03-wp-4e713331-ce36-4418-ba71-ea19a9cb44c8.sql.zip
[INFO]: 2024-04-26 14:04:04 - mysql-2024-04-26-14-04-03-perpus-33a8335e-d943-4d76-9cf3-8c302a16657b.sql.zip
[INFO]: 2024-04-26 14:04:04 - mysql-2024-04-26-14-04-03-db_stock-c7c1b5e8-5789-47f6-a6b7-e20c20f0541e.sql.zip
[INFO]: 2024-04-26 14:05:19 - mysql-2024-04-26-14-05-19-livewire-45ee190a-414a-4c5f-9ad9-121d168c9e05.sql.zip
[INFO]: 2024-04-26 14:05:19 - mysql-2024-04-26-14-05-19-perpus_testing-94fc6649-fc16-408c-be7d-3ab5a9d5c55d.sql.zip
[INFO]: 2024-04-26 14:05:20 - mysql-2024-04-26-14-05-19-sekolahbeta-9b3a7028-b67c-4d06-a7fa-b139b5a17e8d.sql.zip
[INFO]: 2024-04-26 14:05:20 - mysql-2024-04-26-14-05-20-sekolahbetagorm-5f92ac9f-a8df-4e34-ad5f-d9237a13c75b.sql.zip
[INFO]: 2024-04-26 14:05:20 - mysql-2024-04-26-14-05-20-wp-e97b8999-b62f-4e79-8a30-e0b315c15bf7.sql.zip
[INFO]: 2024-04-26 14:05:20 - mysql-2024-04-26-14-05-19-perpus-3fd9ca97-5e41-4e6b-beda-7fd3fb62b090.sql.zip
[INFO]: 2024-04-26 14:05:20 - mysql-2024-04-26-14-05-19-db_stock-9afc0861-7a5d-45ab-86a0-f42fc6de2ac1.sql.zip
[INFO]: 2024-04-26 14:08:35 - mysql-2024-04-26-14-08-35-livewire-340ea984-0f46-4b0f-bde6-af1cc40e6d7f.sql
[INFO]: 2024-04-26 14:08:35 - mysql-2024-04-26-14-08-35-perpus_testing-37f5ac80-7d08-464e-ab7f-6b0dcc43e814.sql
[INFO]: 2024-04-26 14:08:35 - mysql-2024-04-26-14-08-35-sekolahbeta-b299388a-a780-4907-b005-b96c5b5d0953.sql
[INFO]: 2024-04-26 14:08:35 - mysql-2024-04-26-14-08-35-sekolahbetagorm-713e723c-2550-4238-83cb-71a03ed0f1ea.sql
[INFO]: 2024-04-26 14:08:35 - mysql-2024-04-26-14-08-35-wp-2a26f62d-1b62-47bc-88a9-b183ae23ce9a.sql
[INFO]: 2024-04-26 14:08:35 - mysql-2024-04-26-14-08-35-perpus-5892cce0-4535-40f6-b5f7-76280d84d315.sql
[INFO]: 2024-04-26 14:08:36 - mysql-2024-04-26-14-08-35-db_stock-1efc61cd-cc7a-4b32-bfe5-a1b588d84c3e.sql
[INFO]: 2024-04-26 14:11:06 - mysql-2024-04-26-14-11-06-livewire-89eea566-d57c-4e05-a0ef-e9baede5e7d5.sql.zip
[INFO]: 2024-04-26 14:11:06 - mysql-2024-04-26-14-11-06-perpus_testing-250415f0-8547-4101-b668-ddacc9b62540.sql.zip
[INFO]: 2024-04-26 14:11:07 - mysql-2024-04-26-14-11-06-sekolahbeta-b453c17a-8c8c-4474-9319-15035c99897d.sql.zip
[INFO]: 2024-04-26 14:11:07 - mysql-2024-04-26-14-11-06-sekolahbetagorm-eab7d563-80d3-4217-985e-b8dc7cff721a.sql.zip
[INFO]: 2024-04-26 14:11:07 - mysql-2024-04-26-14-11-07-wp-645eab90-0cee-4b5e-b894-ae15929861de.sql.zip
[INFO]: 2024-04-26 14:11:07 - mysql-2024-04-26-14-11-06-perpus-0ea5f97c-a09d-45ac-96a4-07690030a149.sql.zip
[INFO]: 2024-04-26 14:11:07 - mysql-2024-04-26-14-11-06-db_stock-91b230bb-8a9f-4117-a735-b889de0234b4.sql.zip
[INFO]: 2024-04-26 14:20:24 - mysql-2024-04-26-14-20-24-livewire-03f29824-dddc-4d51-baee-1fe34ff3253a.sql.zip
[INFO]: 2024-04-26 14:20:24 - mysql-2024-04-26-14-20-24-perpus_testing-a0bbb58c-c9b6-48e4-a68f-83c8d15312a1.sql.zip
[INFO]: 2024-04-26 14:20:24 - mysql-2024-04-26-14-20-24-sekolahbeta-ba1812f6-7bfb-4932-a65d-b676b668ac9d.sql.zip
[INFO]: 2024-04-26 14:20:24 - mysql-2024-04-26-14-20-24-sekolahbetagorm-9bd72df6-940e-4118-83dd-da989f79c4d7.sql.zip
[INFO]: 2024-04-26 14:20:24 - mysql-2024-04-26-14-20-24-wp-7a682e4e-644a-4db4-b32c-679a26bc8bf5.sql.zip
[INFO]: 2024-04-26 14:20:24 - mysql-2024-04-26-14-20-24-perpus-ef23cacd-ed91-4d2d-9d1c-0f5a4b6965a6.sql.zip
[INFO]: 2024-04-26 14:20:24 - mysql-2024-04-26-14-20-24-db_stock-0ebb8ea7-e279-42d1-b539-2ce1eac8ee0a.sql.zip
[INFO]: 2024-04-26 14:21:38 - mysql-2024-04-26-14-21-38-livewire-4abbd442-8036-4870-a316-16d847601e2f.sql.zip
[INFO]: 2024-04-26 14:21:38 - mysql-2024-04-26-14-21-38-perpus_testing-e6a0601b-3583-4718-a1fb-fdb89d65be3e.sql.zip
[INFO]: 2024-04-26 14:21:38 - mysql-2024-04-26-14-21-38-sekolahbeta-e2ebded5-98fd-459e-a479-97b7b6efa4bc.sql.zip
[INFO]: 2024-04-26 14:21:38 - mysql-2024-04-26-14-21-38-sekolahbetagorm-44f753bd-2c15-4b23-853e-fdc1b4aa3731.sql.zip
[INFO]: 2024-04-26 14:21:38 - mysql-2024-04-26-14-21-38-wp-4efd2020-8655-4739-9adc-1c9dd0d27e44.sql.zip
[INFO]: 2024-04-26 14:21:38 - mysql-2024-04-26-14-21-38-perpus-3f4bc944-1481-4a1b-83f6-984a255986f1.sql.zip
[INFO]: 2024-04-26 14:21:38 - mysql-2024-04-26-14-21-38-db_stock-05b57ae6-920c-42d5-ba84-366d8dad1823.sql.zip
